app/build/outputs/apk/manifest-merger-arm-debug-report.txt
-- Merging decision tree log ---
manifest
ADDED from AndroidManifest.xml:2:1
	package
		ADDED from AndroidManifest.xml:3:5
		INJECTED from AndroidManifest.xml:0:0
		INJECTED from AndroidManifest.xml:0:0
	android:versionName
		ADDED from AndroidManifest.xml:5:5
	android:versionCode
		ADDED from AndroidManifest.xml:4:5
		INJECTED from AndroidManifest.xml:0:0
		INJECTED from AndroidManifest.xml:0:0
	xmlns:android
		ADDED from AndroidManifest.xml:2:11
uses-sdk
ADDED from AndroidManifest.xml:7:5
MERGED from Whoo.opencv.sdk:java:unspecified:7:5
MERGED from lib.kashif:folderpicker:2.2:7:5
	android:targetSdkVersion
		ADDED from AndroidManifest.xml:9:9
		INJECTED from AndroidManifest.xml:0:0
		INJECTED from AndroidManifest.xml:0:0
	android:minSdkVersion
		ADDED from AndroidManifest.xml:8:9
		INJECTED from AndroidManifest.xml:0:0
		INJECTED from AndroidManifest.xml:0:0
application
ADDED from AndroidManifest.xml:11:5
MERGED from lib.kashif:folderpicker:2.2:11:5
	android:label
		ADDED from AndroidManifest.xml:14:9
	android:supportsRtl
		ADDED from lib.kashif:folderpicker:2.2:14:9
	android:allowBackup
		ADDED from AndroidManifest.xml:12:9
	android:icon
		ADDED from AndroidManifest.xml:13:9
	android:theme
		ADDED from AndroidManifest.xml:15:9
activity#com.lamar.cs.whoo.WelcomeActivity
ADDED from AndroidManifest.xml:16:9
	android:label
		ADDED from AndroidManifest.xml:18:13
	android:name
		ADDED from AndroidManifest.xml:17:13
intent-filter#android.intent.action.MAIN+android.intent.category.LAUNCHER
ADDED from AndroidManifest.xml:19:13
action#android.intent.action.MAIN
ADDED from AndroidManifest.xml:20:17
	android:name
		ADDED from AndroidManifest.xml:20:25
category#android.intent.category.LAUNCHER
ADDED from AndroidManifest.xml:21:17
	android:name
		ADDED from AndroidManifest.xml:21:27
activity#com.lamar.cs.whoo.MainActivity2
ADDED from AndroidManifest.xml:25:9
	android:label
		ADDED from AndroidManifest.xml:27:13
	android:name
		ADDED from AndroidManifest.xml:26:13
activity#com.lamar.cs.whoo.SettingsActivity
ADDED from AndroidManifest.xml:29:9
	android:label
		ADDED from AndroidManifest.xml:31:13
	android:name
		ADDED from AndroidManifest.xml:30:13
activity#com.lamar.cs.whoo.FaceActivity
ADDED from AndroidManifest.xml:33:9
	android:theme
		ADDED from AndroidManifest.xml:35:13
	android:name
		ADDED from AndroidManifest.xml:34:13
activity#sid.LandingPage
ADDED from AndroidManifest.xml:37:9
	android:name
		ADDED from AndroidManifest.xml:37:19
activity#sid.ImageLoad
ADDED from AndroidManifest.xml:38:9
	android:name
		ADDED from AndroidManifest.xml:38:19
uses-permission#android.permission.CAMERA
ADDED from AndroidManifest.xml:43:5
	android:name
		ADDED from AndroidManifest.xml:43:22
uses-permission#android.permission.WRITE_EXTERNAL_STORAGE
ADDED from AndroidManifest.xml:44:2
	android:name
		ADDED from AndroidManifest.xml:44:19
uses-permission#android.permission.ACCESS_WIFI_STATE
ADDED from AndroidManifest.xml:45:2
	android:name
		ADDED from AndroidManifest.xml:45:19
uses-permission#android.permission.INTERNET
ADDED from AndroidManifest.xml:46:2
	android:name
		ADDED from AndroidManifest.xml:46:19
uses-feature#android.hardware.camera
ADDED from AndroidManifest.xml:47:2
	android:name
		ADDED from AndroidManifest.xml:47:16
uses-feature#android.hardware.camera.autofocus
ADDED from AndroidManifest.xml:48:2
	android:name
		ADDED from AndroidManifest.xml:48:16
activity#lib.folderpicker.FolderPicker
ADDED from lib.kashif:folderpicker:2.2:15:9
	android:screenOrientation
		ADDED from lib.kashif:folderpicker:2.2:17:13
	android:name
		ADDED from lib.kashif:folderpicker:2.2:16:13